<?xml version="1.0" encoding="UTF-8"?>
<coverage generated="1627669213820" clover="3.2.0">
  <project timestamp="1627669213820" name="All files">
    <metrics statements="30" coveredstatements="30" conditionals="6" coveredconditionals="6" methods="5" coveredmethods="5" elements="41" coveredelements="41" complexity="0" loc="30" ncloc="30" packages="2" files="3" classes="3"/>
    <package name="LinkedList">
      <metrics statements="29" coveredstatements="29" conditionals="6" coveredconditionals="6" methods="4" coveredmethods="4"/>
      <file name="Node.js" path="D:\Web Developement\DataStructure\LinkedList\Node.js">
        <metrics statements="2" coveredstatements="2" conditionals="0" coveredconditionals="0" methods="1" coveredmethods="1"/>
        <line num="3" count="14" type="stmt"/>
        <line num="4" count="14" type="stmt"/>
      </file>
      <file name="SinglyLinkedList.js" path="D:\Web Developement\DataStructure\LinkedList\SinglyLinkedList.js">
        <metrics statements="27" coveredstatements="27" conditionals="6" coveredconditionals="6" methods="3" coveredmethods="3"/>
        <line num="5" count="6" type="stmt"/>
        <line num="6" count="6" type="stmt"/>
        <line num="7" count="6" type="stmt"/>
        <line num="11" count="5" type="stmt"/>
        <line num="13" count="5" type="cond" truecount="2" falsecount="0"/>
        <line num="14" count="3" type="stmt"/>
        <line num="15" count="3" type="stmt"/>
        <line num="18" count="2" type="stmt"/>
        <line num="20" count="2" type="stmt"/>
        <line num="23" count="5" type="stmt"/>
        <line num="24" count="5" type="stmt"/>
        <line num="27" count="3" type="cond" truecount="2" falsecount="0"/>
        <line num="28" count="1" type="stmt"/>
        <line num="29" count="2" type="cond" truecount="2" falsecount="0"/>
        <line num="30" count="1" type="stmt"/>
        <line num="31" count="1" type="stmt"/>
        <line num="32" count="1" type="stmt"/>
        <line num="34" count="1" type="stmt"/>
        <line num="35" count="1" type="stmt"/>
        <line num="36" count="1" type="stmt"/>
        <line num="37" count="1" type="stmt"/>
        <line num="38" count="1" type="stmt"/>
        <line num="41" count="1" type="stmt"/>
        <line num="42" count="1" type="stmt"/>
        <line num="43" count="1" type="stmt"/>
        <line num="44" count="1" type="stmt"/>
        <line num="49" count="1" type="stmt"/>
      </file>
    </package>
    <package name="testing">
      <metrics statements="1" coveredstatements="1" conditionals="0" coveredconditionals="0" methods="1" coveredmethods="1"/>
      <file name="math.js" path="D:\Web Developement\DataStructure\testing\math.js">
        <metrics statements="1" coveredstatements="1" conditionals="0" coveredconditionals="0" methods="1" coveredmethods="1"/>
        <line num="2" count="1" type="stmt"/>
      </file>
    </package>
  </project>
</coverage>
