{"D:\\Web Developement\\DataStructure\\LinkedList\\Node.js": {"path":"D:\\Web Developement\\DataStructure\\LinkedList\\Node.js","statementMap":{"0":{"start":{"line":3,"column":4},"end":{"line":3,"column":19}},"1":{"start":{"line":4,"column":4},"end":{"line":4,"column":21}}},"fnMap":{"0":{"name":"(anonymous_0)","decl":{"start":{"line":2,"column":2},"end":{"line":2,"column":3}},"loc":{"start":{"line":2,"column":19},"end":{"line":5,"column":3}},"line":2}},"branchMap":{},"s":{"0":16,"1":16},"f":{"0":16},"b":{},"_coverageSchema":"1a1c01bbd47fc00a2c39e90264f33305004495a9","hash":"d759ad1e3be74afa9a17d1df5bcd8ee7f2477755"}
,"D:\\Web Developement\\DataStructure\\LinkedList\\SinglyLinkedList.js": {"path":"D:\\Web Developement\\DataStructure\\LinkedList\\SinglyLinkedList.js","statementMap":{"0":{"start":{"line":5,"column":4},"end":{"line":5,"column":21}},"1":{"start":{"line":6,"column":4},"end":{"line":6,"column":21}},"2":{"start":{"line":7,"column":4},"end":{"line":7,"column":20}},"3":{"start":{"line":11,"column":18},"end":{"line":11,"column":33}},"4":{"start":{"line":13,"column":4},"end":{"line":21,"column":5}},"5":{"start":{"line":14,"column":6},"end":{"line":14,"column":26}},"6":{"start":{"line":15,"column":6},"end":{"line":15,"column":26}},"7":{"start":{"line":18,"column":6},"end":{"line":18,"column":31}},"8":{"start":{"line":20,"column":6},"end":{"line":20,"column":26}},"9":{"start":{"line":23,"column":4},"end":{"line":23,"column":18}},"10":{"start":{"line":24,"column":4},"end":{"line":24,"column":16}},"11":{"start":{"line":27,"column":4},"end":{"line":45,"column":5}},"12":{"start":{"line":28,"column":6},"end":{"line":28,"column":13}},"13":{"start":{"line":29,"column":11},"end":{"line":45,"column":5}},"14":{"start":{"line":30,"column":6},"end":{"line":30,"column":23}},"15":{"start":{"line":31,"column":6},"end":{"line":31,"column":23}},"16":{"start":{"line":32,"column":6},"end":{"line":32,"column":20}},"17":{"start":{"line":34,"column":24},"end":{"line":34,"column":33}},"18":{"start":{"line":35,"column":20},"end":{"line":35,"column":29}},"19":{"start":{"line":36,"column":6},"end":{"line":39,"column":7}},"20":{"start":{"line":37,"column":8},"end":{"line":37,"column":30}},"21":{"start":{"line":38,"column":8},"end":{"line":38,"column":39}},"22":{"start":{"line":41,"column":6},"end":{"line":41,"column":26}},"23":{"start":{"line":42,"column":6},"end":{"line":42,"column":28}},"24":{"start":{"line":43,"column":6},"end":{"line":43,"column":20}},"25":{"start":{"line":44,"column":6},"end":{"line":44,"column":18}},"26":{"start":{"line":49,"column":0},"end":{"line":49,"column":38}}},"fnMap":{"0":{"name":"(anonymous_0)","decl":{"start":{"line":4,"column":2},"end":{"line":4,"column":3}},"loc":{"start":{"line":4,"column":16},"end":{"line":8,"column":3}},"line":4},"1":{"name":"(anonymous_1)","decl":{"start":{"line":9,"column":2},"end":{"line":9,"column":3}},"loc":{"start":{"line":9,"column":14},"end":{"line":25,"column":3}},"line":9},"2":{"name":"(anonymous_2)","decl":{"start":{"line":26,"column":2},"end":{"line":26,"column":3}},"loc":{"start":{"line":26,"column":8},"end":{"line":46,"column":3}},"line":26}},"branchMap":{"0":{"loc":{"start":{"line":13,"column":4},"end":{"line":21,"column":5}},"type":"if","locations":[{"start":{"line":13,"column":4},"end":{"line":21,"column":5}},{"start":{"line":13,"column":4},"end":{"line":21,"column":5}}],"line":13},"1":{"loc":{"start":{"line":27,"column":4},"end":{"line":45,"column":5}},"type":"if","locations":[{"start":{"line":27,"column":4},"end":{"line":45,"column":5}},{"start":{"line":27,"column":4},"end":{"line":45,"column":5}}],"line":27},"2":{"loc":{"start":{"line":29,"column":11},"end":{"line":45,"column":5}},"type":"if","locations":[{"start":{"line":29,"column":11},"end":{"line":45,"column":5}},{"start":{"line":29,"column":11},"end":{"line":45,"column":5}}],"line":29}},"s":{"0":6,"1":6,"2":6,"3":6,"4":6,"5":3,"6":3,"7":3,"8":3,"9":6,"10":6,"11":4,"12":1,"13":3,"14":1,"15":1,"16":1,"17":2,"18":2,"19":2,"20":3,"21":3,"22":2,"23":2,"24":2,"25":2,"26":1},"f":{"0":6,"1":6,"2":4},"b":{"0":[3,3],"1":[1,3],"2":[1,2]},"_coverageSchema":"1a1c01bbd47fc00a2c39e90264f33305004495a9","hash":"7ba1b0d687008ccf153ea39d112741eaebcdb387"}
,"D:\\Web Developement\\DataStructure\\testing\\math.js": {"path":"D:\\Web Developement\\DataStructure\\testing\\math.js","statementMap":{"0":{"start":{"line":2,"column":2},"end":{"line":2,"column":21}}},"fnMap":{"0":{"name":"add","decl":{"start":{"line":1,"column":24},"end":{"line":1,"column":27}},"loc":{"start":{"line":1,"column":40},"end":{"line":3,"column":1}},"line":1}},"branchMap":{},"s":{"0":1},"f":{"0":1},"b":{},"_coverageSchema":"1a1c01bbd47fc00a2c39e90264f33305004495a9","hash":"69630c95f411c1c244343ca2f634c23651095293"}
}
