{"D:\\Web Developement\\DataStructure\\LinkedList\\Node.js": {"path":"D:\\Web Developement\\DataStructure\\LinkedList\\Node.js","statementMap":{"0":{"start":{"line":3,"column":4},"end":{"line":3,"column":19}},"1":{"start":{"line":4,"column":4},"end":{"line":4,"column":21}}},"fnMap":{"0":{"name":"(anonymous_0)","decl":{"start":{"line":2,"column":2},"end":{"line":2,"column":3}},"loc":{"start":{"line":2,"column":19},"end":{"line":5,"column":3}},"line":2}},"branchMap":{},"s":{"0":44,"1":44},"f":{"0":44},"b":{},"_coverageSchema":"1a1c01bbd47fc00a2c39e90264f33305004495a9","hash":"d759ad1e3be74afa9a17d1df5bcd8ee7f2477755"}
,"D:\\Web Developement\\DataStructure\\LinkedList\\SinglyLinkedList.js": {"path":"D:\\Web Developement\\DataStructure\\LinkedList\\SinglyLinkedList.js","statementMap":{"0":{"start":{"line":5,"column":4},"end":{"line":5,"column":21}},"1":{"start":{"line":6,"column":4},"end":{"line":6,"column":21}},"2":{"start":{"line":7,"column":4},"end":{"line":7,"column":20}},"3":{"start":{"line":11,"column":18},"end":{"line":11,"column":33}},"4":{"start":{"line":13,"column":4},"end":{"line":21,"column":5}},"5":{"start":{"line":14,"column":6},"end":{"line":14,"column":26}},"6":{"start":{"line":15,"column":6},"end":{"line":15,"column":26}},"7":{"start":{"line":18,"column":6},"end":{"line":18,"column":31}},"8":{"start":{"line":20,"column":6},"end":{"line":20,"column":26}},"9":{"start":{"line":23,"column":4},"end":{"line":23,"column":18}},"10":{"start":{"line":24,"column":4},"end":{"line":24,"column":16}},"11":{"start":{"line":27,"column":4},"end":{"line":45,"column":5}},"12":{"start":{"line":28,"column":6},"end":{"line":28,"column":13}},"13":{"start":{"line":29,"column":11},"end":{"line":45,"column":5}},"14":{"start":{"line":30,"column":6},"end":{"line":30,"column":23}},"15":{"start":{"line":31,"column":6},"end":{"line":31,"column":23}},"16":{"start":{"line":32,"column":6},"end":{"line":32,"column":20}},"17":{"start":{"line":34,"column":24},"end":{"line":34,"column":33}},"18":{"start":{"line":35,"column":20},"end":{"line":35,"column":29}},"19":{"start":{"line":36,"column":6},"end":{"line":39,"column":7}},"20":{"start":{"line":37,"column":8},"end":{"line":37,"column":30}},"21":{"start":{"line":38,"column":8},"end":{"line":38,"column":39}},"22":{"start":{"line":41,"column":6},"end":{"line":41,"column":26}},"23":{"start":{"line":42,"column":6},"end":{"line":42,"column":28}},"24":{"start":{"line":43,"column":6},"end":{"line":43,"column":20}},"25":{"start":{"line":44,"column":6},"end":{"line":44,"column":18}},"26":{"start":{"line":48,"column":4},"end":{"line":50,"column":5}},"27":{"start":{"line":49,"column":6},"end":{"line":49,"column":13}},"28":{"start":{"line":51,"column":4},"end":{"line":56,"column":5}},"29":{"start":{"line":52,"column":6},"end":{"line":52,"column":23}},"30":{"start":{"line":53,"column":6},"end":{"line":53,"column":23}},"31":{"start":{"line":54,"column":6},"end":{"line":54,"column":22}},"32":{"start":{"line":55,"column":6},"end":{"line":55,"column":13}},"33":{"start":{"line":58,"column":22},"end":{"line":58,"column":31}},"34":{"start":{"line":59,"column":4},"end":{"line":59,"column":33}},"35":{"start":{"line":60,"column":4},"end":{"line":60,"column":28}},"36":{"start":{"line":61,"column":4},"end":{"line":61,"column":18}},"37":{"start":{"line":62,"column":4},"end":{"line":62,"column":23}},"38":{"start":{"line":65,"column":18},"end":{"line":65,"column":31}},"39":{"start":{"line":66,"column":4},"end":{"line":73,"column":5}},"40":{"start":{"line":67,"column":6},"end":{"line":67,"column":26}},"41":{"start":{"line":68,"column":6},"end":{"line":68,"column":26}},"42":{"start":{"line":70,"column":24},"end":{"line":70,"column":33}},"43":{"start":{"line":71,"column":6},"end":{"line":71,"column":26}},"44":{"start":{"line":72,"column":6},"end":{"line":72,"column":35}},"45":{"start":{"line":74,"column":4},"end":{"line":74,"column":18}},"46":{"start":{"line":75,"column":4},"end":{"line":75,"column":16}},"47":{"start":{"line":78,"column":4},"end":{"line":80,"column":5}},"48":{"start":{"line":79,"column":6},"end":{"line":79,"column":18}},"49":{"start":{"line":81,"column":22},"end":{"line":81,"column":31}},"50":{"start":{"line":82,"column":4},"end":{"line":88,"column":5}},"51":{"start":{"line":82,"column":17},"end":{"line":82,"column":18}},"52":{"start":{"line":83,"column":6},"end":{"line":87,"column":7}},"53":{"start":{"line":84,"column":8},"end":{"line":84,"column":27}},"54":{"start":{"line":86,"column":8},"end":{"line":86,"column":39}},"55":{"start":{"line":91,"column":20},"end":{"line":91,"column":35}},"56":{"start":{"line":92,"column":4},"end":{"line":92,"column":27}},"57":{"start":{"line":93,"column":4},"end":{"line":97,"column":5}},"58":{"start":{"line":94,"column":6},"end":{"line":94,"column":19}},"59":{"start":{"line":96,"column":6},"end":{"line":96,"column":28}}},"fnMap":{"0":{"name":"(anonymous_0)","decl":{"start":{"line":4,"column":2},"end":{"line":4,"column":3}},"loc":{"start":{"line":4,"column":16},"end":{"line":8,"column":3}},"line":4},"1":{"name":"(anonymous_1)","decl":{"start":{"line":9,"column":2},"end":{"line":9,"column":3}},"loc":{"start":{"line":9,"column":14},"end":{"line":25,"column":3}},"line":9},"2":{"name":"(anonymous_2)","decl":{"start":{"line":26,"column":2},"end":{"line":26,"column":3}},"loc":{"start":{"line":26,"column":8},"end":{"line":46,"column":3}},"line":26},"3":{"name":"(anonymous_3)","decl":{"start":{"line":47,"column":2},"end":{"line":47,"column":3}},"loc":{"start":{"line":47,"column":10},"end":{"line":63,"column":3}},"line":47},"4":{"name":"(anonymous_4)","decl":{"start":{"line":64,"column":2},"end":{"line":64,"column":3}},"loc":{"start":{"line":64,"column":15},"end":{"line":76,"column":3}},"line":64},"5":{"name":"(anonymous_5)","decl":{"start":{"line":77,"column":2},"end":{"line":77,"column":3}},"loc":{"start":{"line":77,"column":13},"end":{"line":89,"column":3}},"line":77},"6":{"name":"(anonymous_6)","decl":{"start":{"line":90,"column":2},"end":{"line":90,"column":3}},"loc":{"start":{"line":90,"column":20},"end":{"line":98,"column":3}},"line":90}},"branchMap":{"0":{"loc":{"start":{"line":13,"column":4},"end":{"line":21,"column":5}},"type":"if","locations":[{"start":{"line":13,"column":4},"end":{"line":21,"column":5}},{"start":{"line":13,"column":4},"end":{"line":21,"column":5}}],"line":13},"1":{"loc":{"start":{"line":27,"column":4},"end":{"line":45,"column":5}},"type":"if","locations":[{"start":{"line":27,"column":4},"end":{"line":45,"column":5}},{"start":{"line":27,"column":4},"end":{"line":45,"column":5}}],"line":27},"2":{"loc":{"start":{"line":29,"column":11},"end":{"line":45,"column":5}},"type":"if","locations":[{"start":{"line":29,"column":11},"end":{"line":45,"column":5}},{"start":{"line":29,"column":11},"end":{"line":45,"column":5}}],"line":29},"3":{"loc":{"start":{"line":48,"column":4},"end":{"line":50,"column":5}},"type":"if","locations":[{"start":{"line":48,"column":4},"end":{"line":50,"column":5}},{"start":{"line":48,"column":4},"end":{"line":50,"column":5}}],"line":48},"4":{"loc":{"start":{"line":51,"column":4},"end":{"line":56,"column":5}},"type":"if","locations":[{"start":{"line":51,"column":4},"end":{"line":56,"column":5}},{"start":{"line":51,"column":4},"end":{"line":56,"column":5}}],"line":51},"5":{"loc":{"start":{"line":66,"column":4},"end":{"line":73,"column":5}},"type":"if","locations":[{"start":{"line":66,"column":4},"end":{"line":73,"column":5}},{"start":{"line":66,"column":4},"end":{"line":73,"column":5}}],"line":66},"6":{"loc":{"start":{"line":78,"column":4},"end":{"line":80,"column":5}},"type":"if","locations":[{"start":{"line":78,"column":4},"end":{"line":80,"column":5}},{"start":{"line":78,"column":4},"end":{"line":80,"column":5}}],"line":78},"7":{"loc":{"start":{"line":78,"column":8},"end":{"line":78,"column":44}},"type":"binary-expr","locations":[{"start":{"line":78,"column":8},"end":{"line":78,"column":17}},{"start":{"line":78,"column":21},"end":{"line":78,"column":44}}],"line":78},"8":{"loc":{"start":{"line":83,"column":6},"end":{"line":87,"column":7}},"type":"if","locations":[{"start":{"line":83,"column":6},"end":{"line":87,"column":7}},{"start":{"line":83,"column":6},"end":{"line":87,"column":7}}],"line":83},"9":{"loc":{"start":{"line":93,"column":4},"end":{"line":97,"column":5}},"type":"if","locations":[{"start":{"line":93,"column":4},"end":{"line":97,"column":5}},{"start":{"line":93,"column":4},"end":{"line":97,"column":5}}],"line":93}},"s":{"0":10,"1":10,"2":10,"3":15,"4":15,"5":6,"6":6,"7":9,"8":9,"9":15,"10":15,"11":10,"12":1,"13":9,"14":2,"15":2,"16":2,"17":7,"18":7,"19":7,"20":18,"21":18,"22":7,"23":7,"24":7,"25":7,"26":3,"27":1,"28":2,"29":1,"30":1,"31":1,"32":1,"33":1,"34":1,"35":1,"36":1,"37":1,"38":2,"39":2,"40":1,"41":1,"42":1,"43":1,"44":1,"45":2,"46":2,"47":5,"48":2,"49":3,"50":3,"51":3,"52":7,"53":3,"54":4,"55":2,"56":2,"57":2,"58":1,"59":1},"f":{"0":10,"1":15,"2":10,"3":3,"4":2,"5":5,"6":2},"b":{"0":[6,9],"1":[1,9],"2":[2,7],"3":[1,2],"4":[1,1],"5":[1,1],"6":[2,3],"7":[5,5],"8":[3,4],"9":[1,1]},"_coverageSchema":"1a1c01bbd47fc00a2c39e90264f33305004495a9","hash":"268486bd212b1393c5869e6878c45188d9c9f1a5"}
,"D:\\Web Developement\\DataStructure\\LinkedList\\testHelper.js": {"path":"D:\\Web Developement\\DataStructure\\LinkedList\\testHelper.js","statementMap":{"0":{"start":{"line":2,"column":32},"end":{"line":12,"column":1}},"1":{"start":{"line":3,"column":2},"end":{"line":3,"column":36}},"2":{"start":{"line":4,"column":2},"end":{"line":4,"column":40}},"3":{"start":{"line":5,"column":2},"end":{"line":5,"column":32}},"4":{"start":{"line":7,"column":20},"end":{"line":7,"column":39}},"5":{"start":{"line":8,"column":2},"end":{"line":11,"column":3}},"6":{"start":{"line":8,"column":15},"end":{"line":8,"column":16}},"7":{"start":{"line":9,"column":4},"end":{"line":9,"column":39}},"8":{"start":{"line":10,"column":4},"end":{"line":10,"column":35}}},"fnMap":{"0":{"name":"(anonymous_0)","decl":{"start":{"line":2,"column":32},"end":{"line":2,"column":33}},"loc":{"start":{"line":2,"column":65},"end":{"line":12,"column":1}},"line":2}},"branchMap":{},"s":{"0":1,"1":1,"2":1,"3":1,"4":1,"5":1,"6":1,"7":5,"8":5},"f":{"0":1},"b":{},"_coverageSchema":"1a1c01bbd47fc00a2c39e90264f33305004495a9","hash":"3a7a2effb627842c8b5623f9b645918fefc786d8"}
,"D:\\Web Developement\\DataStructure\\testing\\math.js": {"path":"D:\\Web Developement\\DataStructure\\testing\\math.js","statementMap":{"0":{"start":{"line":2,"column":2},"end":{"line":2,"column":21}}},"fnMap":{"0":{"name":"add","decl":{"start":{"line":1,"column":24},"end":{"line":1,"column":27}},"loc":{"start":{"line":1,"column":40},"end":{"line":3,"column":1}},"line":1}},"branchMap":{},"s":{"0":1},"f":{"0":1},"b":{},"_coverageSchema":"1a1c01bbd47fc00a2c39e90264f33305004495a9","hash":"69630c95f411c1c244343ca2f634c23651095293"}
}
