TN:
SF:LinkedList\Node.js
FN:2,(anonymous_0)
FNF:1
FNH:1
FNDA:44,(anonymous_0)
DA:3,44
DA:4,44
LF:2
LH:2
BRF:0
BRH:0
end_of_record
TN:
SF:LinkedList\SinglyLinkedList.js
FN:4,(anonymous_0)
FN:9,(anonymous_1)
FN:26,(anonymous_2)
FN:47,(anonymous_3)
FN:64,(anonymous_4)
FN:77,(anonymous_5)
FN:90,(anonymous_6)
FNF:7
FNH:7
FNDA:10,(anonymous_0)
FNDA:15,(anonymous_1)
FNDA:10,(anonymous_2)
FNDA:3,(anonymous_3)
FNDA:2,(anonymous_4)
FNDA:5,(anonymous_5)
FNDA:2,(anonymous_6)
DA:5,10
DA:6,10
DA:7,10
DA:11,15
DA:13,15
DA:14,6
DA:15,6
DA:18,9
DA:20,9
DA:23,15
DA:24,15
DA:27,10
DA:28,1
DA:29,9
DA:30,2
DA:31,2
DA:32,2
DA:34,7
DA:35,7
DA:36,7
DA:37,18
DA:38,18
DA:41,7
DA:42,7
DA:43,7
DA:44,7
DA:48,3
DA:49,1
DA:51,2
DA:52,1
DA:53,1
DA:54,1
DA:55,1
DA:58,1
DA:59,1
DA:60,1
DA:61,1
DA:62,1
DA:65,2
DA:66,2
DA:67,1
DA:68,1
DA:70,1
DA:71,1
DA:72,1
DA:74,2
DA:75,2
DA:78,5
DA:79,2
DA:81,3
DA:82,3
DA:83,7
DA:84,3
DA:86,4
DA:91,2
DA:92,2
DA:93,2
DA:94,1
DA:96,1
LF:59
LH:59
BRDA:13,0,0,6
BRDA:13,0,1,9
BRDA:27,1,0,1
BRDA:27,1,1,9
BRDA:29,2,0,2
BRDA:29,2,1,7
BRDA:48,3,0,1
BRDA:48,3,1,2
BRDA:51,4,0,1
BRDA:51,4,1,1
BRDA:66,5,0,1
BRDA:66,5,1,1
BRDA:78,6,0,2
BRDA:78,6,1,3
BRDA:78,7,0,5
BRDA:78,7,1,5
BRDA:83,8,0,3
BRDA:83,8,1,4
BRDA:93,9,0,1
BRDA:93,9,1,1
BRF:20
BRH:20
end_of_record
TN:
SF:LinkedList\testHelper.js
FN:2,(anonymous_0)
FNF:1
FNH:1
FNDA:1,(anonymous_0)
DA:2,1
DA:3,1
DA:4,1
DA:5,1
DA:7,1
DA:8,1
DA:9,5
DA:10,5
LF:8
LH:8
BRF:0
BRH:0
end_of_record
TN:
SF:testing\math.js
FN:1,add
FNF:1
FNH:1
FNDA:1,add
DA:2,1
LF:1
LH:1
BRF:0
BRH:0
end_of_record
