TN:
SF:LinkedList\Node.js
FN:2,(anonymous_0)
FNF:1
FNH:1
FNDA:16,(anonymous_0)
DA:3,16
DA:4,16
LF:2
LH:2
BRF:0
BRH:0
end_of_record
TN:
SF:LinkedList\SinglyLinkedList.js
FN:4,(anonymous_0)
FN:9,(anonymous_1)
FN:26,(anonymous_2)
FNF:3
FNH:3
FNDA:6,(anonymous_0)
FNDA:6,(anonymous_1)
FNDA:4,(anonymous_2)
DA:5,6
DA:6,6
DA:7,6
DA:11,6
DA:13,6
DA:14,3
DA:15,3
DA:18,3
DA:20,3
DA:23,6
DA:24,6
DA:27,4
DA:28,1
DA:29,3
DA:30,1
DA:31,1
DA:32,1
DA:34,2
DA:35,2
DA:36,2
DA:37,3
DA:38,3
DA:41,2
DA:42,2
DA:43,2
DA:44,2
DA:49,1
LF:27
LH:27
BRDA:13,0,0,3
BRDA:13,0,1,3
BRDA:27,1,0,1
BRDA:27,1,1,3
BRDA:29,2,0,1
BRDA:29,2,1,2
BRF:6
BRH:6
end_of_record
TN:
SF:testing\math.js
FN:1,add
FNF:1
FNH:1
FNDA:1,add
DA:2,1
LF:1
LH:1
BRF:0
BRH:0
end_of_record
